<?xml version="1.0" encoding="UTF-8"?>
<coverage generated="1709980805122" clover="3.2.0">
  <project timestamp="1709980805122" name="All files">
    <metrics statements="24" coveredstatements="24" conditionals="12" coveredconditionals="12" methods="4" coveredmethods="4" elements="40" coveredelements="40" complexity="0" loc="24" ncloc="24" packages="2" files="3" classes="3"/>
    <package name="direct-rule">
      <metrics statements="4" coveredstatements="4" conditionals="0" coveredconditionals="0" methods="1" coveredmethods="1"/>
      <file name="directionPositionRule.ts" path="D:\sabari\qualinita\src\direct-rule\directionPositionRule.ts">
        <metrics statements="4" coveredstatements="4" conditionals="0" coveredconditionals="0" methods="1" coveredmethods="1"/>
        <line num="2" count="2" type="stmt"/>
        <line num="3" count="9" type="stmt"/>
        <line num="102" count="9" type="stmt"/>
        <line num="106" count="2" type="stmt"/>
      </file>
    </package>
    <package name="service">
      <metrics statements="20" coveredstatements="20" conditionals="12" coveredconditionals="12" methods="3" coveredmethods="3"/>
      <file name="spacecraft-direction-service.ts" path="D:\sabari\qualinita\src\service\spacecraft-direction-service.ts">
        <metrics statements="15" coveredstatements="15" conditionals="12" coveredconditionals="12" methods="1" coveredmethods="1"/>
        <line num="1" count="1" type="stmt"/>
        <line num="3" count="1" type="stmt"/>
        <line num="5" count="1" type="stmt"/>
        <line num="6" count="1" type="stmt"/>
        <line num="7" count="1" type="stmt"/>
        <line num="8" count="1" type="stmt"/>
        <line num="9" count="1" type="stmt"/>
        <line num="10" count="1" type="stmt"/>
        <line num="11" count="5" type="cond" truecount="8" falsecount="0"/>
        <line num="12" count="5" type="cond" truecount="4" falsecount="0"/>
        <line num="13" count="2" type="stmt"/>
        <line num="15" count="3" type="stmt"/>
        <line num="18" count="1" type="stmt"/>
        <line num="19" count="1" type="stmt"/>
        <line num="23" count="1" type="stmt"/>
      </file>
      <file name="spacecraft-position.ts" path="D:\sabari\qualinita\src\service\spacecraft-position.ts">
        <metrics statements="5" coveredstatements="5" conditionals="0" coveredconditionals="0" methods="2" coveredmethods="2"/>
        <line num="4" count="2" type="stmt"/>
        <line num="5" count="7" type="stmt"/>
        <line num="9" count="2" type="stmt"/>
        <line num="10" count="6" type="stmt"/>
        <line num="13" count="2" type="stmt"/>
      </file>
    </package>
  </project>
</coverage>
