{"D:\\sabari\\qualinita\\src\\direct-rule\\directionPositionRule.ts": {"path":"D:\\sabari\\qualinita\\src\\direct-rule\\directionPositionRule.ts","statementMap":{"0":{"start":{"line":2,"column":47},"end":{"line":103,"column":2}},"1":{"start":{"line":3,"column":29},"end":{"line":101,"column":null}},"2":{"start":{"line":102,"column":0},"end":{"line":102,"column":null}},"3":{"start":{"line":2,"column":13},"end":{"line":2,"column":47}},"4":{"start":{"line":106,"column":0},"end":{"line":108,"column":null}}},"fnMap":{"0":{"name":"(anonymous_0)","decl":{"start":{"line":2,"column":47},"end":{"line":2,"column":50}},"loc":{"start":{"line":2,"column":52},"end":{"line":103,"column":2}}}},"branchMap":{},"s":{"0":2,"1":9,"2":9,"3":2,"4":2},"f":{"0":9},"b":{}}
,"D:\\sabari\\qualinita\\src\\service\\spacecraft-direction-service.ts": {"path":"D:\\sabari\\qualinita\\src\\service\\spacecraft-direction-service.ts","statementMap":{"0":{"start":{"line":1,"column":0},"end":{"line":1,"column":64}},"1":{"start":{"line":3,"column":0},"end":{"line":3,"column":83}},"2":{"start":{"line":5,"column":98},"end":{"line":24,"column":1}},"3":{"start":{"line":6,"column":29},"end":{"line":6,"column":41}},"4":{"start":{"line":7,"column":34},"end":{"line":7,"column":46}},"5":{"start":{"line":8,"column":38},"end":{"line":8,"column":41}},"6":{"start":{"line":9,"column":41},"end":{"line":9,"column":64}},"7":{"start":{"line":10,"column":4},"end":{"line":17,"column":5}},"8":{"start":{"line":11,"column":23},"end":{"line":11,"column":147}},"9":{"start":{"line":12,"column":8},"end":{"line":16,"column":9}},"10":{"start":{"line":13,"column":9},"end":{"line":13,"column":null}},"11":{"start":{"line":15,"column":10},"end":{"line":15,"column":83}},"12":{"start":{"line":18,"column":35},"end":{"line":18,"column":64}},"13":{"start":{"line":19,"column":26},"end":{"line":22,"column":null}},"14":{"start":{"line":23,"column":4},"end":{"line":23,"column":null}},"15":{"start":{"line":5,"column":13},"end":{"line":5,"column":98}}},"fnMap":{"0":{"name":"(anonymous_1)","decl":{"start":{"line":5,"column":98},"end":{"line":5,"column":99}},"loc":{"start":{"line":5,"column":119},"end":{"line":24,"column":1}}}},"branchMap":{"0":{"loc":{"start":{"line":11,"column":23},"end":{"line":11,"column":147}},"type":"cond-expr","locations":[{"start":{"line":11,"column":80},"end":{"line":11,"column":81}},{"start":{"line":11,"column":85},"end":{"line":11,"column":147}}]},"1":{"loc":{"start":{"line":11,"column":24},"end":{"line":11,"column":76}},"type":"binary-expr","locations":[{"start":{"line":11,"column":24},"end":{"line":11,"column":48}},{"start":{"line":11,"column":52},"end":{"line":11,"column":76}}]},"2":{"loc":{"start":{"line":11,"column":85},"end":{"line":11,"column":147}},"type":"cond-expr","locations":[{"start":{"line":11,"column":142},"end":{"line":11,"column":143}},{"start":{"line":11,"column":146},"end":{"line":11,"column":147}}]},"3":{"loc":{"start":{"line":11,"column":86},"end":{"line":11,"column":138}},"type":"binary-expr","locations":[{"start":{"line":11,"column":86},"end":{"line":11,"column":110}},{"start":{"line":11,"column":114},"end":{"line":11,"column":138}}]},"4":{"loc":{"start":{"line":12,"column":8},"end":{"line":16,"column":9}},"type":"if","locations":[{"start":{"line":12,"column":8},"end":{"line":16,"column":9}},{"start":{"line":14,"column":15},"end":{"line":16,"column":9}}]},"5":{"loc":{"start":{"line":12,"column":11},"end":{"line":12,"column":39}},"type":"binary-expr","locations":[{"start":{"line":12,"column":11},"end":{"line":12,"column":23}},{"start":{"line":12,"column":27},"end":{"line":12,"column":39}}]}},"s":{"0":1,"1":1,"2":1,"3":1,"4":1,"5":1,"6":1,"7":1,"8":5,"9":5,"10":2,"11":3,"12":1,"13":1,"14":1,"15":1},"f":{"0":1},"b":{"0":[1,4],"1":[5,4],"2":[2,2],"3":[4,2],"4":[2,3],"5":[5,4]}}
,"D:\\sabari\\qualinita\\src\\service\\spacecraft-position.ts": {"path":"D:\\sabari\\qualinita\\src\\service\\spacecraft-position.ts","statementMap":{"0":{"start":{"line":4,"column":95},"end":{"line":6,"column":1}},"1":{"start":{"line":5,"column":4},"end":{"line":5,"column":29}},"2":{"start":{"line":4,"column":13},"end":{"line":4,"column":95}},"3":{"start":{"line":9,"column":98},"end":{"line":11,"column":1}},"4":{"start":{"line":10,"column":4},"end":{"line":10,"column":29}},"5":{"start":{"line":9,"column":13},"end":{"line":9,"column":98}},"6":{"start":{"line":13,"column":0},"end":{"line":16,"column":null}}},"fnMap":{"0":{"name":"(anonymous_0)","decl":{"start":{"line":4,"column":95},"end":{"line":4,"column":96}},"loc":{"start":{"line":4,"column":147},"end":{"line":6,"column":1}}},"1":{"name":"(anonymous_1)","decl":{"start":{"line":9,"column":98},"end":{"line":9,"column":99}},"loc":{"start":{"line":9,"column":150},"end":{"line":11,"column":1}}}},"branchMap":{},"s":{"0":2,"1":7,"2":2,"3":2,"4":6,"5":2,"6":2},"f":{"0":7,"1":6},"b":{}}
}
