TN:
SF:src\direct-rule\directionPositionRule.ts
FN:2,(anonymous_0)
FNF:1
FNH:1
FNDA:9,(anonymous_0)
DA:2,2
DA:3,9
DA:102,9
DA:106,2
LF:4
LH:4
BRF:0
BRH:0
end_of_record
TN:
SF:src\service\spacecraft-direction-service.ts
FN:5,(anonymous_1)
FNF:1
FNH:1
FNDA:1,(anonymous_1)
DA:1,1
DA:3,1
DA:5,1
DA:6,1
DA:7,1
DA:8,1
DA:9,1
DA:10,1
DA:11,5
DA:12,5
DA:13,2
DA:15,3
DA:18,1
DA:19,1
DA:23,1
LF:15
LH:15
BRDA:11,0,0,1
BRDA:11,0,1,4
BRDA:11,1,0,5
BRDA:11,1,1,4
BRDA:11,2,0,2
BRDA:11,2,1,2
BRDA:11,3,0,4
BRDA:11,3,1,2
BRDA:12,4,0,2
BRDA:12,4,1,3
BRDA:12,5,0,5
BRDA:12,5,1,4
BRF:12
BRH:12
end_of_record
TN:
SF:src\service\spacecraft-position.ts
FN:4,(anonymous_0)
FN:9,(anonymous_1)
FNF:2
FNH:2
FNDA:7,(anonymous_0)
FNDA:6,(anonymous_1)
DA:4,2
DA:5,7
DA:9,2
DA:10,6
DA:13,2
LF:5
LH:5
BRF:0
BRH:0
end_of_record
